\BOOKMARK [0][-]{chapter.1}{Proposta do Projeto de TCC}{}% 1
\BOOKMARK [1][-]{section.1.1}{O Projeto}{chapter.1}% 2
\BOOKMARK [1][-]{section.1.2}{M\351todo de Trabalho}{chapter.1}% 3
\BOOKMARK [1][-]{section.1.3}{Previs\343o de Aloca\347\343o de Recursos}{chapter.1}% 4
\BOOKMARK [2][-]{section*.1}{Recursos Humanos}{section.1.3}% 5
\BOOKMARK [2][-]{section*.1}{Recursos Materiais}{section.1.3}% 6
\BOOKMARK [1][-]{section.1.4}{Cronograma de Trabalho}{chapter.1}% 7
\BOOKMARK [0][-]{chapter.2}{A Empresa e o Neg\363cio}{}% 8
\BOOKMARK [1][-]{section.2.1}{Historico}{chapter.2}% 9
\BOOKMARK [1][-]{section.2.2}{Mercado Consumidor}{chapter.2}% 10
\BOOKMARK [1][-]{section.2.3}{Concorrencia}{chapter.2}% 11
\BOOKMARK [1][-]{section.2.4}{Premissas e Restricoes ao Projeto}{chapter.2}% 12
\BOOKMARK [0][-]{chapter.3}{Os Sistemas Atuais}{}% 13
\BOOKMARK [1][-]{section.3.1}{Principais Concorrentes}{chapter.3}% 14
\BOOKMARK [1][-]{section.3.2}{Outros Sistemas}{chapter.3}% 15
\BOOKMARK [1][-]{section.3.3}{Motivacao para o Novo Sistema}{chapter.3}% 16
\BOOKMARK [2][-]{subsection.3.3.1}{Problemas dos Sistemas Atuais}{section.3.3}% 17
\BOOKMARK [2][-]{subsection.3.3.2}{Situacao Desejada}{section.3.3}% 18
\BOOKMARK [0][-]{chapter.4}{O Sistema Proposto}{}% 19
\BOOKMARK [1][-]{section.4.1}{Requisitos do Sistema}{chapter.4}% 20
\BOOKMARK [1][-]{section.4.2}{Casos de Uso}{chapter.4}% 21
\BOOKMARK [2][-]{subsection.4.2.1}{Diagramas}{section.4.2}% 22
\BOOKMARK [2][-]{subsection.4.2.2}{Especificacoes}{section.4.2}% 23
\BOOKMARK [1][-]{section.4.3}{Diagrama Geral de Fluxo de Comunicacao \(Topologia?\)}{chapter.4}% 24
\BOOKMARK [1][-]{section.4.4}{Modelo Conceitual de Classes / Servicos REST}{chapter.4}% 25
\BOOKMARK [1][-]{section.4.5}{Modelo Conceitual de Dados}{chapter.4}% 26
\BOOKMARK [0][-]{chapter*.2}{Bibliografia}{}% 27
